<?xml version="1.0" encoding="UTF-8"?>
<!-- Generated by org.testng.reporters.JUnitReportReporter -->
<testsuite hostname="DESKTOP-FK81N1S" failures="0" tests="1" name="testcase.MyFirstTestFW" time="1.918" errors="0" timestamp="2025-07-26T19:18:46 CDT" skipped="0">
  <testcase classname="testcase.MyFirstTestFW" name="LoginTest" time="1.918"/>
  <system-out/>
</testsuite> <!-- testcase.MyFirstTestFW -->
