<?xml version="1.0" encoding="UTF-8"?>
<!-- Generated by org.testng.reporters.JUnitReportReporter -->
<testsuite hostname="DESKTOP-FK81N1S" failures="0" tests="1" name="testcase.TestLeadCreation" time="26.245" errors="0" timestamp="2025-07-28T12:53:40 CDT" skipped="0">
  <testcase classname="testcase.TestLeadCreation" name="LeadCreate" time="26.245"/>
  <system-out/>
</testsuite> <!-- testcase.TestLeadCreation -->
