<?xml version="1.0" encoding="UTF-8"?>
<!-- Generated by org.testng.reporters.JUnitReportReporter -->
<testsuite hostname="DESKTOP-FK81N1S" failures="0" tests="1" name="testcase.MyFirstTestFW" time="2.609" errors="0" timestamp="2025-07-26T20:03:59 CDT" skipped="0">
  <testcase classname="testcase.MyFirstTestFW" name="LoginTest" time="2.609"/>
  <system-out/>
</testsuite> <!-- testcase.MyFirstTestFW -->
